		AUTODYN PRE-SOLVER SETUP STATUS REPORT

Initialising model.........Complete
Analysis settings transferred.
Command snippets transferred.
Retrieving mesh ......Complete.
Retrieving Contacts .....Complete.
Retrieving Mesh Data .....
		Retrieving nodal data .....
			Found 3036 nodes.
		Retrieving elemental size data .....
			Found 4342 elements.
Mesh Data retrieval complete.
Retrieving Coordinate Systems .....Complete.
Retrieving Initial Conditions .....Complete.
Retrieving Parts count.....Complete.
Retrieving Materials .....
Starting transfer of material CART BRASS
Loading shock equation of state data.
Shock equation of state complete.
Loading Johnson-Cook strength data.
Johnson-Cook strength complete.
Material CART BRASS loaded successfully.
Starting transfer of material STEEL 4340
Loading Johnson-Cook strength data.
Johnson-Cook strength complete.
Material STEEL 4340 loaded successfully.
Material Retrieval Complete.
Retrieving Parts Data .....Complete.
Retrieving Cross Sections ......Complete.
Retrieving Variable Shell Thickness ......Complete.
Transferring Coordinate Systems Complete.
Transferring Node Information Complete.
Transferring Material Information .....Complete.
Transferring Initial Conditions .....Complete.
Checking for Remote Points ....No remote points found.
Getting Boundary Conditions ....Complete.
Getting Per Body Controls ....Complete.
Getting Element Controls ....Complete.
Getting Joint Connections....Complete.
Getting Joint Loads....Complete.
Validating Joint Loads....Complete.
Transferring Mesh ....Complete.
Checking materials are valid .....Transferring Contacts ....Complete.
Transferring Symmetry Conditions ....Complete.
Transferring Loadcase Data ....Complete.
Transferring Element Controls Data ....Complete.
Transferring Boundary Conditions ....Complete.
Transferring Imported External Load ....Complete.
Transferring Per Body Controls ....Complete.
Transferring Joints ....Complete.
Transferring Joint Loads ....Complete.
Retrieving Tracker Data .....Complete.
Transferring Named Selections .....Complete.
Transferring Tracker Data .....Complete.
Exporting Cycle Zero file .....Complete.
		AUTODYN PRE-SOLVER SETUP COMPLETE.

